<?xml version="1.0" encoding="UTF-8"?>
<!-- Generated by org.testng.reporters.JUnitReportReporter -->
<testsuite skipped="0" hostname="DESKTOP-OAN9SRE" name="kolyom.co.il.pages.tests.ProjectsTest" tests="1" failures="0" timestamp="01 פבר 2019 08:33:18 GMT" time="12.528" errors="0">
  <testcase name="deleteAllProjects" time="12.528" classname="kolyom.co.il.pages.tests.ProjectsTest"/>
</testsuite> <!-- kolyom.co.il.pages.tests.ProjectsTest -->
