<?xml version="1.0" encoding="UTF-8"?>
<!-- Generated by org.testng.reporters.JUnitReportReporter -->
<testsuite skipped="0" hostname="DESKTOP-OAN9SRE" name="kolyom.co.il.pages.tests.ForgotPasswordTest" tests="1" failures="0" timestamp="31 ינו 2019 14:12:44 GMT" time="11.495" errors="0">
  <testcase name="emailDosentExists" time="11.495" classname="kolyom.co.il.pages.tests.ForgotPasswordTest"/>
</testsuite> <!-- kolyom.co.il.pages.tests.ForgotPasswordTest -->
