<?xml version="1.0" encoding="UTF-8"?>
<!-- Generated by org.testng.reporters.JUnitReportReporter -->
<testsuite skipped="0" hostname="DESKTOP-OAN9SRE" name="kolyom.co.il.pages.tests.BaseTest" tests="1" failures="0" timestamp="31 ינו 2019 19:20:16 GMT" time="15.515" errors="0">
  <testcase name="logout" time="15.515" classname="kolyom.co.il.pages.tests.BaseTest"/>
</testsuite> <!-- kolyom.co.il.pages.tests.BaseTest -->
