<?xml version="1.0" encoding="UTF-8"?>
<!-- Generated by org.testng.reporters.JUnitReportReporter -->
<testsuite skipped="0" hostname="DESKTOP-OAN9SRE" name="kolyom.co.il.pages.tests.LoginTest" tests="1" failures="0" timestamp="31 ינו 2019 13:31:45 GMT" time="8.947" errors="0">
  <testcase name="simpleLogin" time="8.947" classname="kolyom.co.il.pages.tests.LoginTest"/>
</testsuite> <!-- kolyom.co.il.pages.tests.LoginTest -->
