<?xml version="1.0" encoding="UTF-8"?>
<!-- Generated by org.testng.reporters.JUnitReportReporter -->
<testsuite skipped="0" hostname="DESKTOP-OAN9SRE" name="kolyom.co.il.pages.tests.RegisterTest" tests="1" failures="0" timestamp="31 ינו 2019 15:14:42 GMT" time="13.267" errors="0">
  <testcase name="registerAllParamsStep1" time="13.267" classname="kolyom.co.il.pages.tests.RegisterTest"/>
</testsuite> <!-- kolyom.co.il.pages.tests.RegisterTest -->
