<?xml version="1.0" encoding="UTF-8"?>
<!-- Generated by org.testng.reporters.JUnitReportReporter -->
<testsuite skipped="0" hostname="DESKTOP-OAN9SRE" name="kolyom.co.il.pages.tests.ProjectTest" tests="1" failures="0" timestamp="05 פבר 2019 20:36:35 GMT" time="6.383" errors="0">
  <testcase name="addKeywordsToProject" time="6.383" classname="kolyom.co.il.pages.tests.ProjectTest"/>
</testsuite> <!-- kolyom.co.il.pages.tests.ProjectTest -->
